{"timestamp":"2020-06-12 10:46:15","level":"info","message":"Express Server puerto 3000: Online","metadata":{"respuesta":"OK"}}
{"timestamp":"2020-06-12 10:46:16","level":"info","message":"Base de Datos Mongo Atlas: Online","metadata":{"respuesta":"OK"}}
{"timestamp":"2020-06-12 10:48:06","level":"info","message":"Express Server puerto 3000: Online","metadata":{"respuesta":"OK"}}
{"timestamp":"2020-06-12 10:48:07","level":"info","message":"Base de Datos Mongo Atlas: Online","metadata":{"respuesta":"OK"}}
{"timestamp":"2020-06-12 10:49:14","level":"info","message":"Express Server puerto 3000: Online","metadata":{"respuesta":"OK"}}
{"timestamp":"2020-06-12 10:49:16","level":"info","message":"Base de Datos Mongo Atlas: Online","metadata":{"respuesta":"OK"}}
{"timestamp":"2020-06-12 10:49:22","level":"info","message":"Obtiene todos los productos","metadata":{"route":"/producto","method":"POST","object":0}}
{"timestamp":"2020-06-12 10:49:26","level":"info","message":"Obtiene un producto","metadata":{"route":"/producto/5ee271d047210b23b4091980","method":"GET","object":"5ee271d047210b23b4091980"}}
{"timestamp":"2020-06-12 10:49:31","level":"info","message":"Producto Actualizado","metadata":{"route":"/producto/5ee271d047210b23b4091980","method":"PUT","object":{"nombre":"Producto 1","precio":20000,"descripcion":"Producto 1","stock":40,"categoria":"5ee0f8235ef2e51e84bc9bfe","oferta":true,"destacado":true,"nuevo":true,"descuento":30,"activo":true}}}
{"timestamp":"2020-06-12 10:50:30","level":"info","message":"Express Server puerto 3000: Online","metadata":{"respuesta":"OK"}}
{"timestamp":"2020-06-12 10:50:32","level":"info","message":"Base de Datos Mongo Atlas: Online","metadata":{"respuesta":"OK"}}
{"timestamp":"2020-06-12 10:51:26","level":"info","message":"Express Server puerto 3000: Online","metadata":{"respuesta":"OK"}}
{"timestamp":"2020-06-12 10:51:27","level":"info","message":"Base de Datos Mongo Atlas: Online","metadata":{"respuesta":"OK"}}
{"timestamp":"2020-06-12 10:51:31","level":"info","message":"Obtiene todos los productos","metadata":{"route":"/producto","method":"POST","object":0}}
{"timestamp":"2020-06-12 10:51:35","level":"info","message":"Producto Eliminado","metadata":{"route":"/producto/5ee39259897e6845b43bc200","method":"PUT","object":{"_id":"5ee39259897e6845b43bc200","nombre":"Producto prueba pro","precio":500000,"descripcion":"producto de prueba","stock":30000,"categoria":"5ee29c431f159007fccdaf68","oferta":true,"destacado":true,"nuevo":true,"descuento":50,"activo":true,"__v":0,"img":"5ee39259897e6845b43bc200-498.svg"}}}
{"timestamp":"2020-06-12 10:51:35","level":"info","message":"Obtiene todos los productos","metadata":{"route":"/producto","method":"POST","object":0}}
{"timestamp":"2020-06-12 10:52:45","level":"info","message":"Express Server puerto 3000: Online","metadata":{"respuesta":"OK"}}
{"timestamp":"2020-06-12 10:52:46","level":"info","message":"Base de Datos Mongo Atlas: Online","metadata":{"respuesta":"OK"}}
{"timestamp":"2020-06-12 10:52:54","level":"info","message":"Obtiene un producto","metadata":{"route":"/producto/5ee271d047210b23b4091980","method":"GET","object":{"_id":"5ee271d047210b23b4091980","nombre":"Producto 1","precio":20000,"descripcion":"Producto 1","stock":40,"categoria":{"_id":"5ee0f8235ef2e51e84bc9bfe","nombre":"Electro"},"oferta":true,"destacado":true,"nuevo":true,"descuento":30,"activo":true,"__v":0,"img":"5ee271d047210b23b4091980-268.svg"}}}
{"timestamp":"2020-06-12 10:53:19","level":"info","message":"Express Server puerto 3000: Online","metadata":{"respuesta":"OK"}}
{"timestamp":"2020-06-12 10:53:21","level":"info","message":"Base de Datos Mongo Atlas: Online","metadata":{"respuesta":"OK"}}
{"timestamp":"2020-06-12 10:53:38","level":"info","message":"Express Server puerto 3000: Online","metadata":{"respuesta":"OK"}}
{"timestamp":"2020-06-12 10:53:39","level":"info","message":"Base de Datos Mongo Atlas: Online","metadata":{"respuesta":"OK"}}
{"timestamp":"2020-06-12 10:54:09","level":"info","message":"Express Server puerto 3000: Online","metadata":{"respuesta":"OK"}}
{"timestamp":"2020-06-12 10:54:10","level":"info","message":"Base de Datos Mongo Atlas: Online","metadata":{"respuesta":"OK"}}
{"timestamp":"2020-06-12 10:54:56","level":"info","message":"Express Server puerto 3000: Online","metadata":{"respuesta":"OK"}}
{"timestamp":"2020-06-12 10:54:57","level":"info","message":"Base de Datos Mongo Atlas: Online","metadata":{"respuesta":"OK"}}
{"timestamp":"2020-06-12 10:55:31","level":"info","message":"Express Server puerto 3000: Online","metadata":{"respuesta":"OK"}}
{"timestamp":"2020-06-12 10:55:32","level":"info","message":"Base de Datos Mongo Atlas: Online","metadata":{"respuesta":"OK"}}
{"timestamp":"2020-06-12 10:55:49","level":"info","message":"Express Server puerto 3000: Online","metadata":{"respuesta":"OK"}}
{"timestamp":"2020-06-12 10:55:50","level":"info","message":"Base de Datos Mongo Atlas: Online","metadata":{"respuesta":"OK"}}
{"timestamp":"2020-06-12 10:55:53","level":"info","message":"Express Server puerto 3000: Online","metadata":{"respuesta":"OK"}}
{"timestamp":"2020-06-12 10:55:54","level":"info","message":"Base de Datos Mongo Atlas: Online","metadata":{"respuesta":"OK"}}
{"timestamp":"2020-06-12 10:56:08","level":"info","message":"Categoria Guardada","metadata":{"route":"/categoria","method":"POST","object":{"_id":"5ee39787fea4d33e50dd77b7","nombre":"Categoria prueba log","activo":true,"__v":0}}}
{"timestamp":"2020-06-12 10:56:39","level":"info","message":"Express Server puerto 3000: Online","metadata":{"respuesta":"OK"}}
{"timestamp":"2020-06-12 10:56:41","level":"info","message":"Base de Datos Mongo Atlas: Online","metadata":{"respuesta":"OK"}}
{"timestamp":"2020-06-12 10:57:07","level":"info","message":"Express Server puerto 3000: Online","metadata":{"respuesta":"OK"}}
{"timestamp":"2020-06-12 10:57:08","level":"info","message":"Base de Datos Mongo Atlas: Online","metadata":{"respuesta":"OK"}}
{"timestamp":"2020-06-12 10:57:32","level":"info","message":"Express Server puerto 3000: Online","metadata":{"respuesta":"OK"}}
{"timestamp":"2020-06-12 10:57:33","level":"info","message":"Base de Datos Mongo Atlas: Online","metadata":{"respuesta":"OK"}}
{"timestamp":"2020-06-12 10:57:44","level":"info","message":"Express Server puerto 3000: Online","metadata":{"respuesta":"OK"}}
{"timestamp":"2020-06-12 10:57:45","level":"info","message":"Base de Datos Mongo Atlas: Online","metadata":{"respuesta":"OK"}}
{"timestamp":"2020-06-12 10:58:34","level":"info","message":"Express Server puerto 3000: Online","metadata":{"respuesta":"OK"}}
{"timestamp":"2020-06-12 10:58:35","level":"info","message":"Base de Datos Mongo Atlas: Online","metadata":{"respuesta":"OK"}}
{"timestamp":"2020-06-12 10:58:59","level":"info","message":"Express Server puerto 3000: Online","metadata":{"respuesta":"OK"}}
{"timestamp":"2020-06-12 10:59:01","level":"info","message":"Base de Datos Mongo Atlas: Online","metadata":{"respuesta":"OK"}}
{"timestamp":"2020-06-12 10:59:28","level":"info","message":"Express Server puerto 3000: Online","metadata":{"respuesta":"OK"}}
{"timestamp":"2020-06-12 10:59:29","level":"info","message":"Base de Datos Mongo Atlas: Online","metadata":{"respuesta":"OK"}}
{"timestamp":"2020-06-12 10:59:32","level":"info","message":"Obtiene todos las categorias","metadata":{"route":"/categoria","method":"GET","object":0}}
{"timestamp":"2020-06-12 10:59:36","level":"info","message":"Obtiene todos las categorias","metadata":{"route":"/categoria","method":"GET","object":0}}
{"timestamp":"2020-06-12 10:59:45","level":"info","message":"Obtiene una categoria","metadata":{"route":"/categoria/5ee0f21b5ef2e51e84bc9bfa","method":"GET","object":{"_id":"5ee0f21b5ef2e51e84bc9bfa","nombre":"Baño","activo":true,"__v":0,"img":"5ee0f21b5ef2e51e84bc9bfa-83.svg"}}}
{"timestamp":"2020-06-12 11:00:36","level":"info","message":"Express Server puerto 3000: Online","metadata":{"respuesta":"OK"}}
{"timestamp":"2020-06-12 11:00:37","level":"info","message":"Base de Datos Mongo Atlas: Online","metadata":{"respuesta":"OK"}}
{"timestamp":"2020-06-12 11:01:06","level":"info","message":"Express Server puerto 3000: Online","metadata":{"respuesta":"OK"}}
{"timestamp":"2020-06-12 11:01:07","level":"info","message":"Base de Datos Mongo Atlas: Online","metadata":{"respuesta":"OK"}}
{"timestamp":"2020-06-12 11:01:32","level":"info","message":"Express Server puerto 3000: Online","metadata":{"respuesta":"OK"}}
{"timestamp":"2020-06-12 11:01:32","level":"info","message":"Base de Datos Mongo Atlas: Online","metadata":{"respuesta":"OK"}}
{"timestamp":"2020-06-12 11:01:59","level":"info","message":"Express Server puerto 3000: Online","metadata":{"respuesta":"OK"}}
{"timestamp":"2020-06-12 11:02:00","level":"info","message":"Base de Datos Mongo Atlas: Online","metadata":{"respuesta":"OK"}}
{"timestamp":"2020-06-12 11:02:24","level":"info","message":"Express Server puerto 3000: Online","metadata":{"respuesta":"OK"}}
{"timestamp":"2020-06-12 11:02:25","level":"info","message":"Base de Datos Mongo Atlas: Online","metadata":{"respuesta":"OK"}}
{"timestamp":"2020-06-12 11:02:43","level":"info","message":"Express Server puerto 3000: Online","metadata":{"respuesta":"OK"}}
{"timestamp":"2020-06-12 11:02:44","level":"info","message":"Base de Datos Mongo Atlas: Online","metadata":{"respuesta":"OK"}}
{"timestamp":"2020-06-12 11:02:57","level":"info","message":"Express Server puerto 3000: Online","metadata":{"respuesta":"OK"}}
{"timestamp":"2020-06-12 11:02:58","level":"info","message":"Base de Datos Mongo Atlas: Online","metadata":{"respuesta":"OK"}}
{"timestamp":"2020-06-12 11:03:05","level":"info","message":"Categoria Actualizado","metadata":{"route":"/categoria/5ee0f21b5ef2e51e84bc9bfa","method":"PUT","object":{"_id":"5ee0f21b5ef2e51e84bc9bfa","nombre":"Baño 2","activo":true,"__v":0,"img":"5ee0f21b5ef2e51e84bc9bfa-83.svg"}}}
{"timestamp":"2020-06-12 11:03:20","level":"info","message":"Categoria Actualizado","metadata":{"route":"/categoria/5ee0f21b5ef2e51e84bc9bfa","method":"PUT","object":{"_id":"5ee0f21b5ef2e51e84bc9bfa","nombre":"Baño","activo":true,"__v":0,"img":"5ee0f21b5ef2e51e84bc9bfa-83.svg"}}}
{"timestamp":"2020-06-12 11:03:22","level":"info","message":"Obtiene todos las categorias","metadata":{"route":"/categoria","method":"GET","object":0}}
{"timestamp":"2020-06-12 11:03:25","level":"info","message":"Obtiene todos los productos","metadata":{"route":"/producto","method":"GET","object":0}}
{"timestamp":"2020-06-12 11:03:25","level":"info","message":"Categoria Eliminado","metadata":{"route":"/categoria/5ee39787fea4d33e50dd77b7","method":"DELETE","object":{"_id":"5ee39787fea4d33e50dd77b7","nombre":"Categoria prueba log","activo":true,"__v":0,"img":"5ee39787fea4d33e50dd77b7-23.svg"}}}
{"timestamp":"2020-06-12 11:04:06","level":"info","message":"Express Server puerto 3000: Online","metadata":{"respuesta":"OK"}}
{"timestamp":"2020-06-12 11:04:08","level":"info","message":"Base de Datos Mongo Atlas: Online","metadata":{"respuesta":"OK"}}
{"timestamp":"2020-06-12 11:04:16","level":"info","message":"Express Server puerto 3000: Online","metadata":{"respuesta":"OK"}}
{"timestamp":"2020-06-12 11:04:17","level":"info","message":"Base de Datos Mongo Atlas: Online","metadata":{"respuesta":"OK"}}
{"timestamp":"2020-06-12 11:06:41","level":"info","message":"Express Server puerto 3000: Online","metadata":{"respuesta":"OK"}}
{"timestamp":"2020-06-12 11:06:43","level":"info","message":"Base de Datos Mongo Atlas: Online","metadata":{"respuesta":"OK"}}
{"timestamp":"2020-06-12 11:09:15","level":"info","message":"Express Server puerto 3000: Online","metadata":{"respuesta":"OK"}}
{"timestamp":"2020-06-12 11:09:17","level":"info","message":"Base de Datos Mongo Atlas: Online","metadata":{"respuesta":"OK"}}
{"timestamp":"2020-06-12 11:10:19","level":"info","message":"Express Server puerto 3000: Online","metadata":{"respuesta":"OK"}}
{"timestamp":"2020-06-12 11:10:20","level":"info","message":"Base de Datos Mongo Atlas: Online","metadata":{"respuesta":"OK"}}
{"timestamp":"2020-06-12 11:10:39","level":"info","message":"Express Server puerto 3000: Online","metadata":{"respuesta":"OK"}}
{"timestamp":"2020-06-12 11:10:40","level":"info","message":"Base de Datos Mongo Atlas: Online","metadata":{"respuesta":"OK"}}
{"timestamp":"2020-06-12 11:10:58","level":"info","message":"Obtiene todos los productos","metadata":{"route":"/producto","method":"GET","object":0}}
{"timestamp":"2020-06-12 11:10:58","level":"info","message":"Obtiene todos las categorias","metadata":{"route":"/categoria","method":"GET","object":0}}
{"timestamp":"2020-06-12 11:13:58","level":"info","message":"Express Server puerto 3000: Online","metadata":{"respuesta":"OK"}}
{"timestamp":"2020-06-12 11:13:59","level":"info","message":"Base de Datos Mongo Atlas: Online","metadata":{"respuesta":"OK"}}
{"timestamp":"2020-06-12 11:14:16","level":"info","message":"Imagen Vacia","metadata":{"route":"/upload/categorias/5ee0f21b5ef2e51e84bc9bfa","method":"PUT","object":null,"error":null}}
{"timestamp":"2020-06-12 11:15:37","level":"info","message":"Express Server puerto 3000: Online","metadata":{"respuesta":"OK"}}
{"timestamp":"2020-06-12 11:15:39","level":"info","message":"Base de Datos Mongo Atlas: Online","metadata":{"respuesta":"OK"}}
{"timestamp":"2020-06-12 11:15:44","level":"info","message":"Imagen Vacia","metadata":{"route":"/upload/categorias/5ee0f21b5ef2e51e84bc9bfa","method":"PUT","object":null,"error":null}}
{"timestamp":"2020-06-12 11:15:47","level":"info","message":"Extension invalida","metadata":{"route":"/upload/categorias/5ee0f21b5ef2e51e84bc9bfa","method":"PUT","object":{"imagen":{"name":"StoreApp.pem","data":{"type":"Buffer","data":[45,45,45,45,45,66,69,71,73,78,32,82,83,65,32,80,82,73,86,65,84,69,32,75,69,89,45,45,45,45,45,13,10,77,73,73,69,112,81,73,66,65,65,75,67,65,81,69,65,114,97,104,103,84,101,51,88,73,111,122,112,48,71,78,107,119,81,66,90,107,104,49,76,116,119,53,90,114,68,50,81,87,122,119,100,122,120,51,54,100,50,115,78,66,106,89,120,52,120,53,51,101,89,81,116,76,75,86,88,13,10,43,71,108,115,120,115,56,47,80,54,74,49,85,108,113,47,90,115,75,77,113,74,50,111,69,89,97,86,120,82,90,115,47,112,107,85,117,81,119,81,68,70,70,114,50,70,43,47,107,47,118,98,88,112,85,75,119,77,116,119,52,108,102,110,79,55,104,81,97,77,52,43,103,90,106,73,13,10,76,56,52,98,79,113,98,52,113,115,101,47,105,74,106,49,78,121,83,69,66,88,51,66,66,113,106,84,73,98,75,106,110,74,83,51,49,90,49,100,83,122,85,79,98,57,103,67,51,110,57,120,85,80,107,106,49,55,67,80,69,103,55,122,82,103,76,102,103,112,99,85,101,57,57,65,13,10,120,109,82,108,104,43,119,77,56,86,74,90,119,50,78,66,115,107,110,119,89,86,55,107,86,108,104,103,75,102,98,119,85,119,80,115,114,48,117,55,73,85,69,121,87,49,86,113,109,118,51,111,70,90,103,70,76,51,112,76,88,120,85,115,57,72,82,119,54,113,55,69,50,72,80,108,13,10,90,74,99,88,72,67,98,88,114,76,116,90,122,53,105,105,122,85,106,67,73,51,67,90,73,79,87,107,49,47,68,77,102,48,121,78,43,107,118,55,70,110,118,105,53,49,99,73,69,119,108,50,78,119,73,68,65,81,65,66,65,111,73,66,65,81,67,88,110,102,70,118,79,74,47,106,13,10,106,52,111,52,111,102,55,43,114,120,75,70,67,115,84,110,98,48,85,70,112,55,54,89,109,88,85,104,78,118,104,79,79,81,51,110,66,88,119,113,52,112,102,72,90,89,113,88,100,48,106,71,72,121,50,85,113,113,57,55,72,74,107,52,76,80,106,57,102,66,67,89,121,119,86,74,13,10,80,43,115,86,90,48,52,69,80,53,48,106,76,119,47,51,52,85,75,54,97,71,90,52,105,113,86,116,47,56,121,105,112,84,122,75,115,90,113,50,118,109,97,101,67,113,118,121,78,72,86,98,110,54,83,81,89,101,87,115,72,98,102,120,83,68,75,89,85,87,53,101,54,80,117,86,13,10,108,43,75,50,103,105,82,115,43,77,56,77,52,101,76,55,53,79,100,47,104,66,71,122,121,110,81,71,79,47,77,82,116,87,109,83,116,121,112,102,76,97,100,70,68,49,78,43,101,65,75,76,114,48,83,89,77,89,114,79,113,80,67,84,102,112,121,114,102,98,88,74,52,47,101,85,13,10,100,84,49,81,97,85,51,50,112,108,108,80,80,118,99,50,51,88,118,103,51,103,104,112,112,73,79,120,76,100,77,48,88,76,121,76,55,66,104,101,116,108,53,86,120,83,109,85,82,110,81,68,57,118,69,102,86,48,66,99,67,122,72,84,57,57,68,122,105,103,43,52,100,70,106,76,13,10,71,86,108,108,107,88,54,75,77,77,80,117,89,121,114,83,80,117,108,99,113,55,71,50,57,86,65,112,65,111,71,66,65,78,88,119,107,104,122,50,54,74,72,43,52,119,73,107,66,99,112,80,55,115,81,104,76,65,116,87,111,54,78,70,112,85,122,82,98,107,105,54,82,50,90,90,13,10,52,67,68,110,90,99,89,83,105,122,81,89,74,73,85,106,122,76,73,82,76,70,111,66,78,69,54,87,54,81,57,87,88,100,83,115,84,108,110,68,120,80,74,71,115,113,55,97,102,51,101,82,103,68,87,80,111,111,87,51,115,122,78,116,117,119,88,54,49,57,49,122,97,114,69,100,13,10,67,51,48,110,77,103,43,112,105,114,120,85,72,57,81,79,47,104,104,81,66,80,50,78,110,89,90,80,106,106,82,116,108,83,115,50,99,78,120,74,76,50,47,86,82,119,55,52,81,73,100,106,65,111,71,66,65,77,47,77,99,81,88,89,102,66,101,122,115,72,78,101,67,86,71,115,13,10,69,76,76,108,85,56,122,77,67,55,56,107,50,101,101,80,116,69,50,76,90,90,114,119,83,55,117,100,48,51,106,78,49,121,67,97,78,81,79,68,114,115,100,90,115,109,103,66,102,43,76,74,87,65,110,120,82,82,110,117,122,52,84,50,72,84,73,118,54,79,108,122,103,109,116,47,13,10,87,50,56,49,81,79,52,110,104,67,120,71,115,87,110,89,78,116,50,119,81,121,86,115,102,102,116,109,99,69,67,118,86,99,74,98,83,113,57,105,71,88,122,120,121,81,119,66,103,121,55,116,68,108,77,48,121,112,119,50,66,105,86,117,80,87,120,71,118,53,104,104,120,50,65,100,13,10,65,111,71,66,65,77,106,51,105,112,110,81,121,116,110,83,81,72,98,84,86,101,107,100,79,121,74,99,77,116,54,88,122,88,72,106,83,52,115,107,116,78,57,50,116,80,109,78,100,99,65,83,47,111,83,90,67,78,67,118,50,83,97,69,89,90,88,111,69,101,121,101,99,118,57,99,13,10,80,97,81,100,115,108,106,69,88,51,108,116,77,69,87,83,97,101,108,99,56,82,53,108,118,76,85,84,114,48,122,68,75,111,65,109,70,79,104,105,73,89,77,121,70,48,103,51,67,52,76,79,88,102,86,101,103,121,101,48,77,111,51,109,89,52,82,57,76,113,76,114,56,56,121,109,13,10,85,79,81,112,67,70,89,109,100,116,66,72,111,49,114,47,85,120,102,90,49,101,119,88,65,111,71,65,66,89,107,54,48,90,56,77,51,48,122,73,80,75,113,97,115,80,82,87,108,89,50,75,105,65,65,47,112,57,52,66,101,67,118,90,55,57,55,119,51,65,110,101,50,113,97,47,13,10,120,89,52,109,86,120,89,69,112,52,49,81,107,76,115,82,66,55,104,83,103,101,89,47,86,68,82,55,86,77,43,74,56,56,55,105,120,68,50,71,104,81,71,119,122,100,66,99,122,84,43,114,57,83,120,85,86,121,71,106,66,71,68,103,82,86,79,50,49,106,53,110,116,78,84,114,13,10,49,75,49,88,75,90,66,112,69,118,99,89,71,114,52,79,84,121,87,84,75,121,76,104,113,78,72,86,80,65,103,115,98,98,55,99,73,66,66,97,100,109,76,85,102,118,107,67,103,89,69,65,106,47,103,119,87,76,71,51,84,56,53,69,86,89,56,76,72,88,53,68,83,68,49,72,13,10,90,106,115,52,108,104,81,68,66,79,81,49,78,68,87,70,55,115,109,65,89,84,87,89,106,114,98,51,99,116,82,122,83,66,99,100,86,115,56,85,106,72,68,102,69,70,82,101,118,72,87,76,57,47,51,51,88,101,71,83,117,54,80,57,77,115,112,97,105,121,47,118,97,79,80,104,13,10,109,52,56,75,100,71,68,48,105,52,79,101,71,105,112,114,110,119,71,70,102,115,68,98,66,82,66,51,113,116,43,87,111,69,120,115,110,56,68,69,102,98,52,79,43,104,48,47,47,106,121,76,108,75,66,89,110,115,57,121,119,116,66,76,57,122,101,69,110,51,99,61,13,10,45,45,45,45,45,69,78,68,32,82,83,65,32,80,82,73,86,65,84,69,32,75,69,89,45,45,45,45,45]},"size":1696,"encoding":"7bit","tempFilePath":"","truncated":false,"mimetype":"application/octet-stream","md5":"60856a21483948ee030388963c9e952c"}},"error":null}}
{"timestamp":"2020-06-12 11:16:40","level":"info","message":"Express Server puerto 3000: Online","metadata":{"respuesta":"OK"}}
{"timestamp":"2020-06-12 11:16:41","level":"info","message":"Base de Datos Mongo Atlas: Online","metadata":{"respuesta":"OK"}}
{"timestamp":"2020-06-12 11:16:42","level":"info","message":"Extension invalida","metadata":{"route":"/upload/categorias/5ee0f21b5ef2e51e84bc9bfa","method":"PUT","error":null}}
{"timestamp":"2020-06-12 11:17:23","level":"info","message":"Express Server puerto 3000: Online","metadata":{"respuesta":"OK"}}
{"timestamp":"2020-06-12 11:17:25","level":"info","message":"Base de Datos Mongo Atlas: Online","metadata":{"respuesta":"OK"}}
{"timestamp":"2020-06-12 11:17:26","level":"info","message":"Extension invalida","metadata":{"route":"/upload/categorias/5ee0f21b5ef2e51e84bc9bfa","method":"PUT","object":{"name":"StoreApp.pem","data":{"type":"Buffer","data":[45,45,45,45,45,66,69,71,73,78,32,82,83,65,32,80,82,73,86,65,84,69,32,75,69,89,45,45,45,45,45,13,10,77,73,73,69,112,81,73,66,65,65,75,67,65,81,69,65,114,97,104,103,84,101,51,88,73,111,122,112,48,71,78,107,119,81,66,90,107,104,49,76,116,119,53,90,114,68,50,81,87,122,119,100,122,120,51,54,100,50,115,78,66,106,89,120,52,120,53,51,101,89,81,116,76,75,86,88,13,10,43,71,108,115,120,115,56,47,80,54,74,49,85,108,113,47,90,115,75,77,113,74,50,111,69,89,97,86,120,82,90,115,47,112,107,85,117,81,119,81,68,70,70,114,50,70,43,47,107,47,118,98,88,112,85,75,119,77,116,119,52,108,102,110,79,55,104,81,97,77,52,43,103,90,106,73,13,10,76,56,52,98,79,113,98,52,113,115,101,47,105,74,106,49,78,121,83,69,66,88,51,66,66,113,106,84,73,98,75,106,110,74,83,51,49,90,49,100,83,122,85,79,98,57,103,67,51,110,57,120,85,80,107,106,49,55,67,80,69,103,55,122,82,103,76,102,103,112,99,85,101,57,57,65,13,10,120,109,82,108,104,43,119,77,56,86,74,90,119,50,78,66,115,107,110,119,89,86,55,107,86,108,104,103,75,102,98,119,85,119,80,115,114,48,117,55,73,85,69,121,87,49,86,113,109,118,51,111,70,90,103,70,76,51,112,76,88,120,85,115,57,72,82,119,54,113,55,69,50,72,80,108,13,10,90,74,99,88,72,67,98,88,114,76,116,90,122,53,105,105,122,85,106,67,73,51,67,90,73,79,87,107,49,47,68,77,102,48,121,78,43,107,118,55,70,110,118,105,53,49,99,73,69,119,108,50,78,119,73,68,65,81,65,66,65,111,73,66,65,81,67,88,110,102,70,118,79,74,47,106,13,10,106,52,111,52,111,102,55,43,114,120,75,70,67,115,84,110,98,48,85,70,112,55,54,89,109,88,85,104,78,118,104,79,79,81,51,110,66,88,119,113,52,112,102,72,90,89,113,88,100,48,106,71,72,121,50,85,113,113,57,55,72,74,107,52,76,80,106,57,102,66,67,89,121,119,86,74,13,10,80,43,115,86,90,48,52,69,80,53,48,106,76,119,47,51,52,85,75,54,97,71,90,52,105,113,86,116,47,56,121,105,112,84,122,75,115,90,113,50,118,109,97,101,67,113,118,121,78,72,86,98,110,54,83,81,89,101,87,115,72,98,102,120,83,68,75,89,85,87,53,101,54,80,117,86,13,10,108,43,75,50,103,105,82,115,43,77,56,77,52,101,76,55,53,79,100,47,104,66,71,122,121,110,81,71,79,47,77,82,116,87,109,83,116,121,112,102,76,97,100,70,68,49,78,43,101,65,75,76,114,48,83,89,77,89,114,79,113,80,67,84,102,112,121,114,102,98,88,74,52,47,101,85,13,10,100,84,49,81,97,85,51,50,112,108,108,80,80,118,99,50,51,88,118,103,51,103,104,112,112,73,79,120,76,100,77,48,88,76,121,76,55,66,104,101,116,108,53,86,120,83,109,85,82,110,81,68,57,118,69,102,86,48,66,99,67,122,72,84,57,57,68,122,105,103,43,52,100,70,106,76,13,10,71,86,108,108,107,88,54,75,77,77,80,117,89,121,114,83,80,117,108,99,113,55,71,50,57,86,65,112,65,111,71,66,65,78,88,119,107,104,122,50,54,74,72,43,52,119,73,107,66,99,112,80,55,115,81,104,76,65,116,87,111,54,78,70,112,85,122,82,98,107,105,54,82,50,90,90,13,10,52,67,68,110,90,99,89,83,105,122,81,89,74,73,85,106,122,76,73,82,76,70,111,66,78,69,54,87,54,81,57,87,88,100,83,115,84,108,110,68,120,80,74,71,115,113,55,97,102,51,101,82,103,68,87,80,111,111,87,51,115,122,78,116,117,119,88,54,49,57,49,122,97,114,69,100,13,10,67,51,48,110,77,103,43,112,105,114,120,85,72,57,81,79,47,104,104,81,66,80,50,78,110,89,90,80,106,106,82,116,108,83,115,50,99,78,120,74,76,50,47,86,82,119,55,52,81,73,100,106,65,111,71,66,65,77,47,77,99,81,88,89,102,66,101,122,115,72,78,101,67,86,71,115,13,10,69,76,76,108,85,56,122,77,67,55,56,107,50,101,101,80,116,69,50,76,90,90,114,119,83,55,117,100,48,51,106,78,49,121,67,97,78,81,79,68,114,115,100,90,115,109,103,66,102,43,76,74,87,65,110,120,82,82,110,117,122,52,84,50,72,84,73,118,54,79,108,122,103,109,116,47,13,10,87,50,56,49,81,79,52,110,104,67,120,71,115,87,110,89,78,116,50,119,81,121,86,115,102,102,116,109,99,69,67,118,86,99,74,98,83,113,57,105,71,88,122,120,121,81,119,66,103,121,55,116,68,108,77,48,121,112,119,50,66,105,86,117,80,87,120,71,118,53,104,104,120,50,65,100,13,10,65,111,71,66,65,77,106,51,105,112,110,81,121,116,110,83,81,72,98,84,86,101,107,100,79,121,74,99,77,116,54,88,122,88,72,106,83,52,115,107,116,78,57,50,116,80,109,78,100,99,65,83,47,111,83,90,67,78,67,118,50,83,97,69,89,90,88,111,69,101,121,101,99,118,57,99,13,10,80,97,81,100,115,108,106,69,88,51,108,116,77,69,87,83,97,101,108,99,56,82,53,108,118,76,85,84,114,48,122,68,75,111,65,109,70,79,104,105,73,89,77,121,70,48,103,51,67,52,76,79,88,102,86,101,103,121,101,48,77,111,51,109,89,52,82,57,76,113,76,114,56,56,121,109,13,10,85,79,81,112,67,70,89,109,100,116,66,72,111,49,114,47,85,120,102,90,49,101,119,88,65,111,71,65,66,89,107,54,48,90,56,77,51,48,122,73,80,75,113,97,115,80,82,87,108,89,50,75,105,65,65,47,112,57,52,66,101,67,118,90,55,57,55,119,51,65,110,101,50,113,97,47,13,10,120,89,52,109,86,120,89,69,112,52,49,81,107,76,115,82,66,55,104,83,103,101,89,47,86,68,82,55,86,77,43,74,56,56,55,105,120,68,50,71,104,81,71,119,122,100,66,99,122,84,43,114,57,83,120,85,86,121,71,106,66,71,68,103,82,86,79,50,49,106,53,110,116,78,84,114,13,10,49,75,49,88,75,90,66,112,69,118,99,89,71,114,52,79,84,121,87,84,75,121,76,104,113,78,72,86,80,65,103,115,98,98,55,99,73,66,66,97,100,109,76,85,102,118,107,67,103,89,69,65,106,47,103,119,87,76,71,51,84,56,53,69,86,89,56,76,72,88,53,68,83,68,49,72,13,10,90,106,115,52,108,104,81,68,66,79,81,49,78,68,87,70,55,115,109,65,89,84,87,89,106,114,98,51,99,116,82,122,83,66,99,100,86,115,56,85,106,72,68,102,69,70,82,101,118,72,87,76,57,47,51,51,88,101,71,83,117,54,80,57,77,115,112,97,105,121,47,118,97,79,80,104,13,10,109,52,56,75,100,71,68,48,105,52,79,101,71,105,112,114,110,119,71,70,102,115,68,98,66,82,66,51,113,116,43,87,111,69,120,115,110,56,68,69,102,98,52,79,43,104,48,47,47,106,121,76,108,75,66,89,110,115,57,121,119,116,66,76,57,122,101,69,110,51,99,61,13,10,45,45,45,45,45,69,78,68,32,82,83,65,32,80,82,73,86,65,84,69,32,75,69,89,45,45,45,45,45]},"size":1696,"encoding":"7bit","tempFilePath":"","truncated":false,"mimetype":"application/octet-stream","md5":"60856a21483948ee030388963c9e952c"},"error":null}}
{"timestamp":"2020-06-12 11:17:27","level":"info","message":"Extension invalida","metadata":{"route":"/upload/categorias/5ee0f21b5ef2e51e84bc9bfa","method":"PUT","object":{"name":"StoreApp.pem","data":{"type":"Buffer","data":[45,45,45,45,45,66,69,71,73,78,32,82,83,65,32,80,82,73,86,65,84,69,32,75,69,89,45,45,45,45,45,13,10,77,73,73,69,112,81,73,66,65,65,75,67,65,81,69,65,114,97,104,103,84,101,51,88,73,111,122,112,48,71,78,107,119,81,66,90,107,104,49,76,116,119,53,90,114,68,50,81,87,122,119,100,122,120,51,54,100,50,115,78,66,106,89,120,52,120,53,51,101,89,81,116,76,75,86,88,13,10,43,71,108,115,120,115,56,47,80,54,74,49,85,108,113,47,90,115,75,77,113,74,50,111,69,89,97,86,120,82,90,115,47,112,107,85,117,81,119,81,68,70,70,114,50,70,43,47,107,47,118,98,88,112,85,75,119,77,116,119,52,108,102,110,79,55,104,81,97,77,52,43,103,90,106,73,13,10,76,56,52,98,79,113,98,52,113,115,101,47,105,74,106,49,78,121,83,69,66,88,51,66,66,113,106,84,73,98,75,106,110,74,83,51,49,90,49,100,83,122,85,79,98,57,103,67,51,110,57,120,85,80,107,106,49,55,67,80,69,103,55,122,82,103,76,102,103,112,99,85,101,57,57,65,13,10,120,109,82,108,104,43,119,77,56,86,74,90,119,50,78,66,115,107,110,119,89,86,55,107,86,108,104,103,75,102,98,119,85,119,80,115,114,48,117,55,73,85,69,121,87,49,86,113,109,118,51,111,70,90,103,70,76,51,112,76,88,120,85,115,57,72,82,119,54,113,55,69,50,72,80,108,13,10,90,74,99,88,72,67,98,88,114,76,116,90,122,53,105,105,122,85,106,67,73,51,67,90,73,79,87,107,49,47,68,77,102,48,121,78,43,107,118,55,70,110,118,105,53,49,99,73,69,119,108,50,78,119,73,68,65,81,65,66,65,111,73,66,65,81,67,88,110,102,70,118,79,74,47,106,13,10,106,52,111,52,111,102,55,43,114,120,75,70,67,115,84,110,98,48,85,70,112,55,54,89,109,88,85,104,78,118,104,79,79,81,51,110,66,88,119,113,52,112,102,72,90,89,113,88,100,48,106,71,72,121,50,85,113,113,57,55,72,74,107,52,76,80,106,57,102,66,67,89,121,119,86,74,13,10,80,43,115,86,90,48,52,69,80,53,48,106,76,119,47,51,52,85,75,54,97,71,90,52,105,113,86,116,47,56,121,105,112,84,122,75,115,90,113,50,118,109,97,101,67,113,118,121,78,72,86,98,110,54,83,81,89,101,87,115,72,98,102,120,83,68,75,89,85,87,53,101,54,80,117,86,13,10,108,43,75,50,103,105,82,115,43,77,56,77,52,101,76,55,53,79,100,47,104,66,71,122,121,110,81,71,79,47,77,82,116,87,109,83,116,121,112,102,76,97,100,70,68,49,78,43,101,65,75,76,114,48,83,89,77,89,114,79,113,80,67,84,102,112,121,114,102,98,88,74,52,47,101,85,13,10,100,84,49,81,97,85,51,50,112,108,108,80,80,118,99,50,51,88,118,103,51,103,104,112,112,73,79,120,76,100,77,48,88,76,121,76,55,66,104,101,116,108,53,86,120,83,109,85,82,110,81,68,57,118,69,102,86,48,66,99,67,122,72,84,57,57,68,122,105,103,43,52,100,70,106,76,13,10,71,86,108,108,107,88,54,75,77,77,80,117,89,121,114,83,80,117,108,99,113,55,71,50,57,86,65,112,65,111,71,66,65,78,88,119,107,104,122,50,54,74,72,43,52,119,73,107,66,99,112,80,55,115,81,104,76,65,116,87,111,54,78,70,112,85,122,82,98,107,105,54,82,50,90,90,13,10,52,67,68,110,90,99,89,83,105,122,81,89,74,73,85,106,122,76,73,82,76,70,111,66,78,69,54,87,54,81,57,87,88,100,83,115,84,108,110,68,120,80,74,71,115,113,55,97,102,51,101,82,103,68,87,80,111,111,87,51,115,122,78,116,117,119,88,54,49,57,49,122,97,114,69,100,13,10,67,51,48,110,77,103,43,112,105,114,120,85,72,57,81,79,47,104,104,81,66,80,50,78,110,89,90,80,106,106,82,116,108,83,115,50,99,78,120,74,76,50,47,86,82,119,55,52,81,73,100,106,65,111,71,66,65,77,47,77,99,81,88,89,102,66,101,122,115,72,78,101,67,86,71,115,13,10,69,76,76,108,85,56,122,77,67,55,56,107,50,101,101,80,116,69,50,76,90,90,114,119,83,55,117,100,48,51,106,78,49,121,67,97,78,81,79,68,114,115,100,90,115,109,103,66,102,43,76,74,87,65,110,120,82,82,110,117,122,52,84,50,72,84,73,118,54,79,108,122,103,109,116,47,13,10,87,50,56,49,81,79,52,110,104,67,120,71,115,87,110,89,78,116,50,119,81,121,86,115,102,102,116,109,99,69,67,118,86,99,74,98,83,113,57,105,71,88,122,120,121,81,119,66,103,121,55,116,68,108,77,48,121,112,119,50,66,105,86,117,80,87,120,71,118,53,104,104,120,50,65,100,13,10,65,111,71,66,65,77,106,51,105,112,110,81,121,116,110,83,81,72,98,84,86,101,107,100,79,121,74,99,77,116,54,88,122,88,72,106,83,52,115,107,116,78,57,50,116,80,109,78,100,99,65,83,47,111,83,90,67,78,67,118,50,83,97,69,89,90,88,111,69,101,121,101,99,118,57,99,13,10,80,97,81,100,115,108,106,69,88,51,108,116,77,69,87,83,97,101,108,99,56,82,53,108,118,76,85,84,114,48,122,68,75,111,65,109,70,79,104,105,73,89,77,121,70,48,103,51,67,52,76,79,88,102,86,101,103,121,101,48,77,111,51,109,89,52,82,57,76,113,76,114,56,56,121,109,13,10,85,79,81,112,67,70,89,109,100,116,66,72,111,49,114,47,85,120,102,90,49,101,119,88,65,111,71,65,66,89,107,54,48,90,56,77,51,48,122,73,80,75,113,97,115,80,82,87,108,89,50,75,105,65,65,47,112,57,52,66,101,67,118,90,55,57,55,119,51,65,110,101,50,113,97,47,13,10,120,89,52,109,86,120,89,69,112,52,49,81,107,76,115,82,66,55,104,83,103,101,89,47,86,68,82,55,86,77,43,74,56,56,55,105,120,68,50,71,104,81,71,119,122,100,66,99,122,84,43,114,57,83,120,85,86,121,71,106,66,71,68,103,82,86,79,50,49,106,53,110,116,78,84,114,13,10,49,75,49,88,75,90,66,112,69,118,99,89,71,114,52,79,84,121,87,84,75,121,76,104,113,78,72,86,80,65,103,115,98,98,55,99,73,66,66,97,100,109,76,85,102,118,107,67,103,89,69,65,106,47,103,119,87,76,71,51,84,56,53,69,86,89,56,76,72,88,53,68,83,68,49,72,13,10,90,106,115,52,108,104,81,68,66,79,81,49,78,68,87,70,55,115,109,65,89,84,87,89,106,114,98,51,99,116,82,122,83,66,99,100,86,115,56,85,106,72,68,102,69,70,82,101,118,72,87,76,57,47,51,51,88,101,71,83,117,54,80,57,77,115,112,97,105,121,47,118,97,79,80,104,13,10,109,52,56,75,100,71,68,48,105,52,79,101,71,105,112,114,110,119,71,70,102,115,68,98,66,82,66,51,113,116,43,87,111,69,120,115,110,56,68,69,102,98,52,79,43,104,48,47,47,106,121,76,108,75,66,89,110,115,57,121,119,116,66,76,57,122,101,69,110,51,99,61,13,10,45,45,45,45,45,69,78,68,32,82,83,65,32,80,82,73,86,65,84,69,32,75,69,89,45,45,45,45,45]},"size":1696,"encoding":"7bit","tempFilePath":"","truncated":false,"mimetype":"application/octet-stream","md5":"60856a21483948ee030388963c9e952c"},"error":null}}
{"timestamp":"2020-06-12 11:17:51","level":"info","message":"Express Server puerto 3000: Online","metadata":{"respuesta":"OK"}}
{"timestamp":"2020-06-12 11:17:52","level":"info","message":"Base de Datos Mongo Atlas: Online","metadata":{"respuesta":"OK"}}
{"timestamp":"2020-06-12 11:17:54","level":"info","message":"Extension invalida","metadata":{"route":"/upload/categorias/5ee0f21b5ef2e51e84bc9bfa","method":"PUT","object":"StoreApp.pem","error":null}}
{"timestamp":"2020-06-12 11:19:07","level":"info","message":"Express Server puerto 3000: Online","metadata":{"respuesta":"OK"}}
{"timestamp":"2020-06-12 11:19:08","level":"info","message":"Base de Datos Mongo Atlas: Online","metadata":{"respuesta":"OK"}}
{"timestamp":"2020-06-12 11:19:13","level":"info","message":"Express Server puerto 3000: Online","metadata":{"respuesta":"OK"}}
{"timestamp":"2020-06-12 11:19:14","level":"info","message":"Base de Datos Mongo Atlas: Online","metadata":{"respuesta":"OK"}}
{"timestamp":"2020-06-12 11:19:17","level":"info","message":"Express Server puerto 3000: Online","metadata":{"respuesta":"OK"}}
{"timestamp":"2020-06-12 11:19:18","level":"info","message":"Base de Datos Mongo Atlas: Online","metadata":{"respuesta":"OK"}}
{"timestamp":"2020-06-12 11:19:23","level":"info","message":"Error al mover archivo","metadata":{"route":"/upload/categorias/5ee0f21b5ef2e51e84bc9bfa","method":"PUT","object":{"nombreArchivo":"5ee0f21b5ef2e51e84bc9bfa-875.svg","path":"./upads/categorias/5ee0f21b5ef2e51e84bc9bfa-875.svg"},"error":{"errno":-4058,"code":"ENOENT","syscall":"open","path":"C:\\Users\\llvll\\Desktop\\Angular\\StoreApp\\StoreApp - Backend\\upads\\categorias\\5ee0f21b5ef2e51e84bc9bfa-875.svg"}}}
{"timestamp":"2020-06-12 11:19:49","level":"info","message":"Express Server puerto 3000: Online","metadata":{"respuesta":"OK"}}
{"timestamp":"2020-06-12 11:19:50","level":"info","message":"Base de Datos Mongo Atlas: Online","metadata":{"respuesta":"OK"}}
{"timestamp":"2020-06-12 11:19:57","level":"info","message":"Express Server puerto 3000: Online","metadata":{"respuesta":"OK"}}
{"timestamp":"2020-06-12 11:19:58","level":"info","message":"Base de Datos Mongo Atlas: Online","metadata":{"respuesta":"OK"}}
{"timestamp":"2020-06-12 11:20:42","level":"info","message":"Express Server puerto 3000: Online","metadata":{"respuesta":"OK"}}
{"timestamp":"2020-06-12 11:20:43","level":"info","message":"Base de Datos Mongo Atlas: Online","metadata":{"respuesta":"OK"}}
{"timestamp":"2020-06-12 11:22:23","level":"info","message":"Express Server puerto 3000: Online","metadata":{"respuesta":"OK"}}
{"timestamp":"2020-06-12 11:22:25","level":"info","message":"Base de Datos Mongo Atlas: Online","metadata":{"respuesta":"OK"}}
{"timestamp":"2020-06-12 11:23:23","level":"info","message":"Express Server puerto 3000: Online","metadata":{"respuesta":"OK"}}
{"timestamp":"2020-06-12 11:23:24","level":"info","message":"Base de Datos Mongo Atlas: Online","metadata":{"respuesta":"OK"}}
{"timestamp":"2020-06-12 11:23:30","level":"info","message":"Obtiene todos las categorias","metadata":{"route":"/categoria","method":"GET","object":0}}
{"timestamp":"2020-06-12 11:23:37","level":"info","message":"Obtiene todos los productos","metadata":{"route":"/producto","method":"GET","object":0}}
{"timestamp":"2020-06-12 11:23:43","level":"info","message":"Obtiene todos las categorias","metadata":{"route":"/categoria","method":"GET","object":0}}
{"timestamp":"2020-06-12 11:23:44","level":"info","message":"Obtiene un producto","metadata":{"route":"/producto/5ee29afd1f159007fccdaf63","method":"GET","object":{"_id":"5ee29afd1f159007fccdaf63","nombre":"Producto 7","precio":450000,"descripcion":"Producto 7","stock":40,"categoria":{"_id":"5ee0f6665ef2e51e84bc9bfd","nombre":"Living"},"oferta":true,"destacado":false,"nuevo":false,"descuento":34,"activo":true,"__v":0,"img":"5ee29afd1f159007fccdaf63-651.svg"}}}
{"timestamp":"2020-06-12 11:25:11","level":"info","message":"Express Server puerto 3000: Online","metadata":{"respuesta":"OK"}}
{"timestamp":"2020-06-12 11:25:13","level":"info","message":"Base de Datos Mongo Atlas: Online","metadata":{"respuesta":"OK"}}
{"timestamp":"2020-06-12 11:25:19","level":"info","message":"Obtiene todos los productos","metadata":{"route":"/producto","method":"GET","object":0}}
{"timestamp":"2020-06-12 11:25:23","level":"info","message":"Obtiene todos las categorias","metadata":{"route":"/categoria","method":"GET","object":0}}
{"timestamp":"2020-06-12 11:25:24","level":"info","message":"Obtiene un producto","metadata":{"route":"/producto/5ee29afd1f159007fccdaf63","method":"GET","object":{"_id":"5ee29afd1f159007fccdaf63","nombre":"Producto 7","precio":450000,"descripcion":"Producto 7","stock":40,"categoria":{"_id":"5ee0f6665ef2e51e84bc9bfd","nombre":"Living"},"oferta":true,"destacado":false,"nuevo":false,"descuento":34,"activo":true,"__v":0,"img":"5ee29afd1f159007fccdaf63-651.svg"}}}
{"timestamp":"2020-06-12 11:25:29","level":"info","message":"Producto Actualizado","metadata":{"route":"/producto/5ee29afd1f159007fccdaf63","method":"PUT","object":{"_id":"5ee29afd1f159007fccdaf63","nombre":"Producto 7","precio":450000,"descripcion":"Producto 7","stock":40,"categoria":"5ee0f6665ef2e51e84bc9bfd","oferta":true,"destacado":false,"nuevo":false,"descuento":34,"activo":true,"__v":0,"img":"5ee29afd1f159007fccdaf63-651.svg"}}}
{"timestamp":"2020-06-12 11:25:29","level":"info","message":"Imagen actualizada","metadata":{"route":"/upload/productos/5ee29afd1f159007fccdaf63","method":"PUT","object":{"id":"5ee29afd1f159007fccdaf63","nombreArchivo":"5ee29afd1f159007fccdaf63-183.svg","path":"./uploads/productos/5ee29afd1f159007fccdaf63-183.svg"}}}
{"timestamp":"2020-06-12 11:27:19","level":"info","message":"Express Server puerto 3000: Online","metadata":{"respuesta":"OK"}}
{"timestamp":"2020-06-12 11:27:20","level":"info","message":"Base de Datos Mongo Atlas: Online","metadata":{"respuesta":"OK"}}
{"timestamp":"2020-06-12 11:28:07","level":"info","message":"Express Server puerto 3000: Online","metadata":{"respuesta":"OK"}}
{"timestamp":"2020-06-12 11:28:09","level":"info","message":"Base de Datos Mongo Atlas: Online","metadata":{"respuesta":"OK"}}
{"timestamp":"2020-06-12 11:28:21","level":"info","message":"Express Server puerto 3000: Online","metadata":{"respuesta":"OK"}}
{"timestamp":"2020-06-12 11:28:22","level":"info","message":"Base de Datos Mongo Atlas: Online","metadata":{"respuesta":"OK"}}
{"timestamp":"2020-06-12 11:28:28","level":"info","message":"Obtiene todos las categorias","metadata":{"route":"/categoria","method":"GET","object":0}}
{"timestamp":"2020-06-12 11:28:30","level":"info","message":"Obtiene una categoria","metadata":{"route":"/categoria/5ee29d991f159007fccdaf6a","method":"GET","object":{"_id":"5ee29d991f159007fccdaf6a","nombre":"Comida","activo":true,"__v":0,"img":"5ee29d991f159007fccdaf6a-481.svg"}}}
{"timestamp":"2020-06-12 11:28:38","level":"info","message":"Categoria Actualizado","metadata":{"route":"/categoria/5ee29d991f159007fccdaf6a","method":"PUT","object":{"_id":"5ee29d991f159007fccdaf6a","nombre":"Comida","activo":true,"__v":0,"img":"5ee29d991f159007fccdaf6a-481.svg"}}}
{"timestamp":"2020-06-12 11:28:38","level":"info","message":"Imagen actualizada","metadata":{"route":"/upload/categorias/5ee29d991f159007fccdaf6a","method":"PUT","object":{"id":"5ee29d991f159007fccdaf6a","nombreArchivo":"5ee29d991f159007fccdaf6a-525.svg","path":"./uploads/categorias/5ee29d991f159007fccdaf6a-525.svg"}}}
{"timestamp":"2020-06-12 11:29:44","level":"info","message":"Express Server puerto 3000: Online","metadata":{"respuesta":"OK"}}
{"timestamp":"2020-06-12 11:29:46","level":"info","message":"Base de Datos Mongo Atlas: Online","metadata":{"respuesta":"OK"}}
